2025-11-29 10:13:53,537 - INFO - ============================================================
2025-11-29 10:13:53,537 - INFO - EEG Denoising Experiments - ICA-MoE Paper
2025-11-29 10:13:53,537 - INFO - ============================================================
2025-11-29 10:13:53,537 - INFO - Seeds: [40, 41, 42, 43, 44]
2025-11-29 10:13:53,538 - INFO - Output directory: results
2025-11-29 10:13:53,539 - INFO - Loading data from data
2025-11-29 10:13:53,556 - INFO - Data shapes: EEG=(3400, 512), EOG=(3400, 512), EMG=(3400, 512)
2025-11-29 10:13:53,557 - INFO - 
==================================================
2025-11-29 10:13:53,557 - INFO - Running EEG_EOG with seed 40
2025-11-29 10:13:53,557 - INFO - ==================================================
2025-11-29 10:13:53,887 - INFO - ICA fitted successfully with 4 components
2025-11-29 10:13:53,897 - INFO - Starting ICA-based self-learning pre-training phase...
2025-11-29 10:16:55,168 - INFO - Pre-training Epoch 0: Expert losses: [0.07157812479725283, 0.19849557886427305, 0.29735412940664113, 0.3715746835717615]
2025-11-29 10:22:47,871 - INFO - Pre-training Epoch 2: Expert losses: [0.003728211125938819, 0.10412273106147658, 0.20396497972169012, 0.3014591375611863]
2025-11-29 10:28:45,625 - INFO - Pre-training Epoch 4: Expert losses: [0.002550860590143305, 0.10278067702673516, 0.20279927748554158, 0.3011847692278196]
2025-11-29 10:28:45,631 - INFO - ICA-based self-learning pre-training completed!
2025-11-29 10:28:45,635 - INFO - Starting main training phase with ICA pre-trained experts...
2025-11-29 10:30:42,795 - INFO - Epoch 0, Main Loss: 0.004506, LB Loss: 65596.740124
2025-11-29 10:34:39,221 - INFO - Epoch 2, Main Loss: 0.001365, LB Loss: 65536.068875
2025-11-29 10:38:31,922 - INFO - Epoch 4, Main Loss: 0.001235, LB Loss: 65536.004754
2025-11-29 10:42:26,893 - INFO - Epoch 6, Main Loss: 0.001148, LB Loss: 65536.001621
2025-11-29 10:46:20,396 - INFO - Epoch 8, Main Loss: 0.001107, LB Loss: 65536.000037
2025-11-29 10:51:52,619 - INFO - Seed 40 Results:
2025-11-29 10:51:52,625 - INFO -   RMSE: 1.6132
2025-11-29 10:51:52,625 - INFO -   SNR: 43.03 dB
2025-11-29 10:51:52,625 - INFO -   Correlation: 1.0000
2025-11-29 10:51:52,625 - INFO -   RRMSE: 0.0071
2025-11-29 10:51:52,625 - INFO - 
==================================================
2025-11-29 10:51:52,626 - INFO - Running EEG_EOG with seed 41
2025-11-29 10:51:52,626 - INFO - ==================================================
2025-11-29 10:51:53,301 - INFO - ICA fitted successfully with 4 components
2025-11-29 10:51:53,527 - INFO - Starting ICA-based self-learning pre-training phase...
2025-11-29 10:55:04,494 - INFO - Pre-training Epoch 0: Expert losses: [0.07424666720688483, 0.1814214675072229, 0.38310523274934516, 0.37519980151698273]
2025-11-29 11:01:07,372 - INFO - Pre-training Epoch 2: Expert losses: [0.004047519156164577, 0.10400342484408955, 0.2040868356542767, 0.30199911122052175]
2025-11-29 11:06:53,946 - INFO - Pre-training Epoch 4: Expert losses: [0.002842130299815732, 0.10296214287573437, 0.2028178780708673, 0.3015514395709308]
2025-11-29 11:06:53,949 - INFO - ICA-based self-learning pre-training completed!
2025-11-29 11:06:53,954 - INFO - Starting main training phase with ICA pre-trained experts...
2025-11-29 11:08:46,581 - INFO - Epoch 0, Main Loss: 0.002235, LB Loss: 65581.830483
2025-11-29 11:12:32,510 - INFO - Epoch 2, Main Loss: 0.001286, LB Loss: 65536.023401
2025-11-29 11:16:26,154 - INFO - Epoch 4, Main Loss: 0.001093, LB Loss: 65536.006191
2025-11-29 11:20:23,397 - INFO - Epoch 6, Main Loss: 0.000964, LB Loss: 65536.002211
2025-11-29 11:24:09,565 - INFO - Epoch 8, Main Loss: 0.000915, LB Loss: 65536.000663
2025-11-29 11:29:11,671 - INFO - Seed 41 Results:
2025-11-29 11:29:11,691 - INFO -   RMSE: 1.4453
2025-11-29 11:29:11,691 - INFO -   SNR: 43.98 dB
2025-11-29 11:29:11,691 - INFO -   Correlation: 1.0000
2025-11-29 11:29:11,691 - INFO -   RRMSE: 0.0063
2025-11-29 11:29:11,691 - INFO - 
==================================================
2025-11-29 11:29:11,691 - INFO - Running EEG_EOG with seed 42
2025-11-29 11:29:11,691 - INFO - ==================================================
2025-11-29 11:29:13,104 - INFO - ICA fitted successfully with 4 components
2025-11-29 11:29:13,142 - INFO - Starting ICA-based self-learning pre-training phase...
2025-11-29 11:32:09,904 - INFO - Pre-training Epoch 0: Expert losses: [0.07633227301884513, 0.1770015203587289, 0.28453228172828565, 0.3333511372219841]
2025-11-29 11:38:03,884 - INFO - Pre-training Epoch 2: Expert losses: [0.004062062447873068, 0.10376260169553307, 0.20379186407575067, 0.3017741351757409]
2025-11-29 11:44:03,196 - INFO - Pre-training Epoch 4: Expert losses: [0.0030139940351528944, 0.1028134694920396, 0.20278528360825665, 0.3012870387086328]
2025-11-29 11:44:03,200 - INFO - ICA-based self-learning pre-training completed!
2025-11-29 11:44:03,205 - INFO - Starting main training phase with ICA pre-trained experts...
2025-11-29 11:45:55,255 - INFO - Epoch 0, Main Loss: 0.001683, LB Loss: 65536.778744
2025-11-29 11:49:56,554 - INFO - Epoch 2, Main Loss: 0.001238, LB Loss: 65536.009360
2025-11-29 11:53:49,571 - INFO - Epoch 4, Main Loss: 0.001015, LB Loss: 65536.001990
2025-11-29 11:57:55,171 - INFO - Epoch 6, Main Loss: 0.000906, LB Loss: 65535.999300
2025-11-29 12:01:44,852 - INFO - Epoch 8, Main Loss: 0.000862, LB Loss: 65535.999816
2025-11-29 12:06:30,523 - INFO - Seed 42 Results:
2025-11-29 12:06:30,541 - INFO -   RMSE: 1.4125
2025-11-29 12:06:30,541 - INFO -   SNR: 44.18 dB
2025-11-29 12:06:30,541 - INFO -   Correlation: 1.0000
2025-11-29 12:06:30,541 - INFO -   RRMSE: 0.0062
2025-11-29 12:06:30,541 - INFO - 
==================================================
2025-11-29 12:06:30,541 - INFO - Running EEG_EOG with seed 43
2025-11-29 12:06:30,541 - INFO - ==================================================
2025-11-29 12:06:31,458 - INFO - ICA fitted successfully with 4 components
2025-11-29 12:06:31,598 - INFO - Starting ICA-based self-learning pre-training phase...
2025-11-29 12:09:25,687 - INFO - Pre-training Epoch 0: Expert losses: [0.07109393016435206, 0.1958374057738286, 0.27496215588641615, 0.3492855907611127]
2025-11-29 12:15:13,391 - INFO - Pre-training Epoch 2: Expert losses: [0.004017297308101266, 0.10383539766354381, 0.2037537142915546, 0.3017274906050484]
2025-11-29 12:21:13,739 - INFO - Pre-training Epoch 4: Expert losses: [0.0027397446211357163, 0.1027280959599423, 0.20277621386186132, 0.30129925681734987]
2025-11-29 12:21:13,742 - INFO - ICA-based self-learning pre-training completed!
2025-11-29 12:21:13,746 - INFO - Starting main training phase with ICA pre-trained experts...
2025-11-29 12:23:09,490 - INFO - Epoch 0, Main Loss: 0.001870, LB Loss: 65611.057046
2025-11-29 12:26:59,033 - INFO - Epoch 2, Main Loss: 0.001175, LB Loss: 65536.050634
2025-11-29 12:30:51,581 - INFO - Epoch 4, Main Loss: 0.000982, LB Loss: 65536.015367
2025-11-29 12:34:46,584 - INFO - Epoch 6, Main Loss: 0.000888, LB Loss: 65536.008070
2025-11-29 12:38:39,725 - INFO - Epoch 8, Main Loss: 0.000838, LB Loss: 65536.003759
2025-11-29 12:43:19,233 - INFO - Seed 43 Results:
2025-11-29 12:43:19,238 - INFO -   RMSE: 1.3870
2025-11-29 12:43:19,238 - INFO -   SNR: 44.34 dB
2025-11-29 12:43:19,238 - INFO -   Correlation: 1.0000
2025-11-29 12:43:19,238 - INFO -   RRMSE: 0.0061
2025-11-29 12:43:19,238 - INFO - 
==================================================
2025-11-29 12:43:19,238 - INFO - Running EEG_EOG with seed 44
2025-11-29 12:43:19,239 - INFO - ==================================================
2025-11-29 12:43:20,068 - INFO - ICA fitted successfully with 4 components
2025-11-29 12:43:20,119 - INFO - Starting ICA-based self-learning pre-training phase...
2025-11-29 12:46:29,627 - INFO - Pre-training Epoch 0: Expert losses: [0.062348744559611355, 0.2470792866540405, 0.29476162819367535, 0.34541742194373654]
2025-11-29 12:52:17,562 - INFO - Pre-training Epoch 2: Expert losses: [0.004124638488305346, 0.10370443002232965, 0.20337969612962795, 0.3019314343636891]
2025-11-29 12:58:01,212 - INFO - Pre-training Epoch 4: Expert losses: [0.0029104760109956536, 0.10265608040510484, 0.20245472904083864, 0.30140740635260094]
2025-11-29 12:58:01,215 - INFO - ICA-based self-learning pre-training completed!
2025-11-29 12:58:01,219 - INFO - Starting main training phase with ICA pre-trained experts...
2025-11-29 12:59:58,588 - INFO - Epoch 0, Main Loss: 0.001787, LB Loss: 65537.304909
2025-11-29 13:03:47,534 - INFO - Epoch 2, Main Loss: 0.001191, LB Loss: 65536.020784
2025-11-29 13:07:38,033 - INFO - Epoch 4, Main Loss: 0.000976, LB Loss: 65536.003390
2025-11-29 13:11:28,319 - INFO - Epoch 6, Main Loss: 0.000861, LB Loss: 65535.999484
2025-11-29 13:15:19,342 - INFO - Epoch 8, Main Loss: 0.000819, LB Loss: 65535.999595
2025-11-29 13:20:37,685 - INFO - Seed 44 Results:
2025-11-29 13:20:37,706 - INFO -   RMSE: 1.3961
2025-11-29 13:20:37,706 - INFO -   SNR: 44.28 dB
2025-11-29 13:20:37,706 - INFO -   Correlation: 1.0000
2025-11-29 13:20:37,706 - INFO -   RRMSE: 0.0061
2025-11-29 13:20:37,711 - INFO - 
==================================================
2025-11-29 13:20:37,711 - INFO - AGGREGATED RESULTS for EEG_EOG
2025-11-29 13:20:37,711 - INFO - ==================================================
2025-11-29 13:20:37,711 - INFO -   rmse: 1.4508 +/- 0.0836
2025-11-29 13:20:37,711 - INFO -   rrmse: 0.0063 +/- 0.0004
2025-11-29 13:20:37,711 - INFO -   correlation: 1.0000 +/- 0.0000
2025-11-29 13:20:37,711 - INFO -   snr: 43.9605 +/- 0.4831
2025-11-29 13:20:37,711 - INFO -   spectral_distortion: 0.0059 +/- 0.0005
2025-11-29 13:20:37,712 - INFO -   snr_improvement: 3.9259 +/- 0.4831
2025-11-29 13:20:37,712 - INFO -   snr_input: 40.0346 +/- 0.0000
2025-11-29 13:20:37,749 - INFO - 
==================================================
2025-11-29 13:20:37,749 - INFO - Running EEG_EMG with seed 40
2025-11-29 13:20:37,749 - INFO - ==================================================
2025-11-29 13:20:44,827 - INFO - ICA fitted successfully with 4 components
2025-11-29 13:20:44,855 - INFO - Starting ICA-based self-learning pre-training phase...
2025-11-29 13:23:57,390 - INFO - Pre-training Epoch 0: Expert losses: [0.07810206288682683, 0.20833716154941972, 0.2926716223921416, 0.6613040622675194]
2025-11-29 13:29:41,374 - INFO - Pre-training Epoch 2: Expert losses: [0.004011325393188393, 0.10423947912904452, 0.20389235019683838, 0.6431743179289799]
2025-11-29 13:35:26,287 - INFO - Pre-training Epoch 4: Expert losses: [0.002899567970021997, 0.10290661622893135, 0.20273755293972087, 0.6415064891554275]
2025-11-29 13:35:26,289 - INFO - ICA-based self-learning pre-training completed!
2025-11-29 13:35:26,294 - INFO - Starting main training phase with ICA pre-trained experts...
2025-11-29 13:37:22,437 - INFO - Epoch 0, Main Loss: 0.051296, LB Loss: 65598.104142
2025-11-29 13:41:11,025 - INFO - Epoch 2, Main Loss: 0.001788, LB Loss: 65536.011277
2025-11-29 13:45:06,116 - INFO - Epoch 4, Main Loss: 0.001341, LB Loss: 65536.008550
2025-11-29 13:48:54,928 - INFO - Epoch 6, Main Loss: 0.001203, LB Loss: 65536.005049
2025-11-29 13:52:51,178 - INFO - Epoch 8, Main Loss: 0.001151, LB Loss: 65536.000516
2025-11-29 13:57:58,904 - INFO - Seed 40 Results:
2025-11-29 13:57:58,912 - INFO -   RMSE: 2.0522
2025-11-29 13:57:58,912 - INFO -   SNR: 40.93 dB
2025-11-29 13:57:58,912 - INFO -   Correlation: 1.0000
2025-11-29 13:57:58,912 - INFO -   RRMSE: 0.0090
2025-11-29 13:57:58,912 - INFO - 
==================================================
2025-11-29 13:57:58,912 - INFO - Running EEG_EMG with seed 41
2025-11-29 13:57:58,912 - INFO - ==================================================
2025-11-29 13:58:00,007 - INFO - ICA fitted successfully with 4 components
2025-11-29 13:58:00,101 - INFO - Starting ICA-based self-learning pre-training phase...
2025-11-29 14:00:58,583 - INFO - Pre-training Epoch 0: Expert losses: [0.07089768694098687, 0.1844545214103078, 0.46109520517430214, 0.3594574534668113]
2025-11-29 14:07:06,829 - INFO - Pre-training Epoch 2: Expert losses: [0.004259154850722484, 0.10427556594587722, 0.2035365823023724, 0.3020030903928685]
2025-11-29 14:13:04,408 - INFO - Pre-training Epoch 4: Expert losses: [0.0030534300724712185, 0.10328751921934902, 0.202590507999906, 0.3013553751527138]
2025-11-29 14:13:04,409 - INFO - ICA-based self-learning pre-training completed!
2025-11-29 14:13:04,413 - INFO - Starting main training phase with ICA pre-trained experts...
2025-11-29 14:14:59,169 - INFO - Epoch 0, Main Loss: 0.002620, LB Loss: 65583.736291
2025-11-29 14:18:52,840 - INFO - Epoch 2, Main Loss: 0.001343, LB Loss: 65536.003759
2025-11-29 14:22:49,344 - INFO - Epoch 4, Main Loss: 0.001158, LB Loss: 65536.002874
2025-11-29 14:26:41,173 - INFO - Epoch 6, Main Loss: 0.001040, LB Loss: 65536.000037
2025-11-29 14:30:35,165 - INFO - Epoch 8, Main Loss: 0.000985, LB Loss: 65535.999300
2025-11-29 14:35:44,241 - INFO - Seed 41 Results:
2025-11-29 14:35:44,260 - INFO -   RMSE: 1.5273
2025-11-29 14:35:44,261 - INFO -   SNR: 43.50 dB
2025-11-29 14:35:44,261 - INFO -   Correlation: 1.0000
2025-11-29 14:35:44,261 - INFO -   RRMSE: 0.0067
2025-11-29 14:35:44,261 - INFO - 
==================================================
2025-11-29 14:35:44,261 - INFO - Running EEG_EMG with seed 42
2025-11-29 14:35:44,261 - INFO - ==================================================
2025-11-29 14:35:46,864 - INFO - ICA fitted successfully with 4 components
2025-11-29 14:35:46,900 - INFO - Starting ICA-based self-learning pre-training phase...
2025-11-29 14:38:56,694 - INFO - Pre-training Epoch 0: Expert losses: [0.07540611842787771, 0.19872976024195832, 0.27164669011561376, 0.34521182668658923]
2025-11-29 14:44:42,068 - INFO - Pre-training Epoch 2: Expert losses: [0.0038380015790813937, 0.10416189489780732, 0.20379503478981414, 0.3017806989966698]
2025-11-29 14:50:27,753 - INFO - Pre-training Epoch 4: Expert losses: [0.0029521214310079813, 0.10308217531386411, 0.20283530343253658, 0.3013342610507641]
2025-11-29 14:50:27,755 - INFO - ICA-based self-learning pre-training completed!
2025-11-29 14:50:27,758 - INFO - Starting main training phase with ICA pre-trained experts...
2025-11-29 14:52:24,317 - INFO - Epoch 0, Main Loss: 0.001733, LB Loss: 65536.747715
2025-11-29 14:56:12,827 - INFO - Epoch 2, Main Loss: 0.001130, LB Loss: 65536.001879
2025-11-29 15:00:02,647 - INFO - Epoch 4, Main Loss: 0.000955, LB Loss: 65536.000369
2025-11-29 15:03:50,680 - INFO - Epoch 6, Main Loss: 0.000869, LB Loss: 65536.000516
2025-11-29 15:07:41,149 - INFO - Epoch 8, Main Loss: 0.000831, LB Loss: 65535.999558
2025-11-29 15:12:26,457 - INFO - Seed 42 Results:
2025-11-29 15:12:26,467 - INFO -   RMSE: 1.4845
2025-11-29 15:12:26,467 - INFO -   SNR: 43.75 dB
2025-11-29 15:12:26,467 - INFO -   Correlation: 1.0000
2025-11-29 15:12:26,467 - INFO -   RRMSE: 0.0065
2025-11-29 15:12:26,467 - INFO - 
==================================================
2025-11-29 15:12:26,467 - INFO - Running EEG_EMG with seed 43
2025-11-29 15:12:26,467 - INFO - ==================================================
2025-11-29 15:12:27,333 - INFO - ICA fitted successfully with 4 components
2025-11-29 15:12:27,366 - INFO - Starting ICA-based self-learning pre-training phase...
2025-11-29 15:15:31,364 - INFO - Pre-training Epoch 0: Expert losses: [0.07257366353944647, 0.24363532838112903, 0.4008572897258795, 0.3497322412594309]
2025-11-29 15:21:15,477 - INFO - Pre-training Epoch 2: Expert losses: [0.004448630161724001, 0.10355920794437516, 0.20354061658090017, 0.30187460274066563]
2025-11-29 15:27:03,488 - INFO - Pre-training Epoch 4: Expert losses: [0.0031109721320769133, 0.10261410966796695, 0.2027674488863855, 0.30145739328186466]
2025-11-29 15:27:03,490 - INFO - ICA-based self-learning pre-training completed!
2025-11-29 15:27:03,496 - INFO - Starting main training phase with ICA pre-trained experts...
2025-11-29 15:28:59,150 - INFO - Epoch 0, Main Loss: 0.002328, LB Loss: 65612.072745
2025-11-29 15:32:47,717 - INFO - Epoch 2, Main Loss: 0.001200, LB Loss: 65536.026570
2025-11-29 15:36:36,649 - INFO - Epoch 4, Main Loss: 0.000998, LB Loss: 65536.006080
2025-11-29 15:40:25,784 - INFO - Epoch 6, Main Loss: 0.000880, LB Loss: 65536.002911
2025-11-29 15:44:15,962 - INFO - Epoch 8, Main Loss: 0.000839, LB Loss: 65535.999300
2025-11-29 15:49:19,789 - INFO - Seed 43 Results:
2025-11-29 15:49:19,803 - INFO -   RMSE: 1.4456
2025-11-29 15:49:19,803 - INFO -   SNR: 43.98 dB
2025-11-29 15:49:19,803 - INFO -   Correlation: 1.0000
2025-11-29 15:49:19,803 - INFO -   RRMSE: 0.0063
2025-11-29 15:49:19,803 - INFO - 
==================================================
2025-11-29 15:49:19,804 - INFO - Running EEG_EMG with seed 44
2025-11-29 15:49:19,805 - INFO - ==================================================
2025-11-29 15:49:20,891 - INFO - ICA fitted successfully with 4 components
2025-11-29 15:49:20,930 - INFO - Starting ICA-based self-learning pre-training phase...
2025-11-29 15:52:24,478 - INFO - Pre-training Epoch 0: Expert losses: [0.062214418020064256, 0.23522521527308338, 0.6127594789525248, 0.3248692944927036]
2025-11-29 15:58:09,584 - INFO - Pre-training Epoch 2: Expert losses: [0.004076186495059925, 0.10381968136665956, 0.2039579285203286, 0.3024395524330859]
2025-11-29 16:03:58,261 - INFO - Pre-training Epoch 4: Expert losses: [0.002982759766965964, 0.10274306733934384, 0.2026396281314346, 0.30177657306194305]
2025-11-29 16:03:58,262 - INFO - ICA-based self-learning pre-training completed!
2025-11-29 16:03:58,267 - INFO - Starting main training phase with ICA pre-trained experts...
2025-11-29 16:05:51,689 - INFO - Epoch 0, Main Loss: 0.001965, LB Loss: 65537.304356
2025-11-29 16:09:40,244 - INFO - Epoch 2, Main Loss: 0.001229, LB Loss: 65535.999926
2025-11-29 16:13:31,066 - INFO - Epoch 4, Main Loss: 0.001035, LB Loss: 65536.000000
2025-11-29 16:17:20,495 - INFO - Epoch 6, Main Loss: 0.000958, LB Loss: 65535.999705
2025-11-29 16:21:12,552 - INFO - Epoch 8, Main Loss: 0.000920, LB Loss: 65535.999152
2025-11-29 16:25:55,926 - INFO - Seed 44 Results:
2025-11-29 16:25:55,938 - INFO -   RMSE: 1.5512
2025-11-29 16:25:55,938 - INFO -   SNR: 43.37 dB
2025-11-29 16:25:55,938 - INFO -   Correlation: 1.0000
2025-11-29 16:25:55,938 - INFO -   RRMSE: 0.0068
2025-11-29 16:25:55,946 - INFO - 
==================================================
2025-11-29 16:25:55,947 - INFO - AGGREGATED RESULTS for EEG_EMG
2025-11-29 16:25:55,947 - INFO - ==================================================
2025-11-29 16:25:55,947 - INFO -   rmse: 1.6122 +/- 0.2230
2025-11-29 16:25:55,948 - INFO -   rrmse: 0.0071 +/- 0.0010
2025-11-29 16:25:55,948 - INFO -   correlation: 1.0000 +/- 0.0000
2025-11-29 16:25:55,948 - INFO -   snr: 43.1053 +/- 1.1054
2025-11-29 16:25:55,948 - INFO -   spectral_distortion: 0.0055 +/- 0.0016
2025-11-29 16:25:55,948 - INFO -   snr_improvement: 3.0707 +/- 1.1054
2025-11-29 16:25:55,948 - INFO -   snr_input: 40.0346 +/- 0.0000
2025-11-29 16:25:55,964 - INFO - 
==================================================
2025-11-29 16:25:55,964 - INFO - Running EEG_EOG_EMG with seed 40
2025-11-29 16:25:55,964 - INFO - ==================================================
2025-11-29 16:25:56,909 - INFO - ICA fitted successfully with 4 components
2025-11-29 16:25:56,937 - INFO - Starting ICA-based self-learning pre-training phase...
2025-11-29 16:28:58,408 - INFO - Pre-training Epoch 0: Expert losses: [0.07656956198713127, 0.20979499950442673, 0.30324092507362366, 0.36065219820670363]
2025-11-29 16:34:54,892 - INFO - Pre-training Epoch 2: Expert losses: [0.004279892291996698, 0.10471921962387157, 0.2045111060142517, 0.3017727327796648]
2025-11-29 16:40:42,041 - INFO - Pre-training Epoch 4: Expert losses: [0.002784899150390389, 0.10309109970364931, 0.20306505937621278, 0.3013074628587039]
2025-11-29 16:40:42,043 - INFO - ICA-based self-learning pre-training completed!
2025-11-29 16:40:42,048 - INFO - Starting main training phase with ICA pre-trained experts...
2025-11-29 16:42:39,159 - INFO - Epoch 0, Main Loss: 0.002077, LB Loss: 65596.254643
2025-11-29 16:46:24,895 - INFO - Epoch 2, Main Loss: 0.001183, LB Loss: 65536.027712
2025-11-29 16:50:18,397 - INFO - Epoch 4, Main Loss: 0.001005, LB Loss: 65536.008107
2025-11-29 16:54:04,832 - INFO - Epoch 6, Main Loss: 0.000904, LB Loss: 65536.008734
2025-11-29 16:57:56,669 - INFO - Epoch 8, Main Loss: 0.000855, LB Loss: 65536.001142
2025-11-29 17:02:40,455 - INFO - Seed 40 Results:
2025-11-29 17:02:40,489 - INFO -   RMSE: 1.4572
2025-11-29 17:02:40,489 - INFO -   SNR: 43.91 dB
2025-11-29 17:02:40,489 - INFO -   Correlation: 1.0000
2025-11-29 17:02:40,489 - INFO -   RRMSE: 0.0064
2025-11-29 17:02:40,489 - INFO - 
==================================================
2025-11-29 17:02:40,489 - INFO - Running EEG_EOG_EMG with seed 41
2025-11-29 17:02:40,489 - INFO - ==================================================
2025-11-29 17:02:42,207 - INFO - ICA fitted successfully with 4 components
2025-11-29 17:02:42,249 - INFO - Starting ICA-based self-learning pre-training phase...
2025-11-29 17:05:56,503 - INFO - Pre-training Epoch 0: Expert losses: [0.07240456496892532, 0.1789153663898414, 0.3269755871228452, 0.3546018237775227]
2025-11-29 17:11:43,160 - INFO - Pre-training Epoch 2: Expert losses: [0.004540151707775329, 0.10430055069473554, 0.2042473443555382, 0.3023065595694308]
2025-11-29 17:17:28,367 - INFO - Pre-training Epoch 4: Expert losses: [0.003112976094444265, 0.10300661159573861, 0.20287854350962728, 0.3015766919783826]
2025-11-29 17:17:28,369 - INFO - ICA-based self-learning pre-training completed!
2025-11-29 17:17:28,374 - INFO - Starting main training phase with ICA pre-trained experts...
2025-11-29 17:19:21,213 - INFO - Epoch 0, Main Loss: 0.002267, LB Loss: 65581.823924
2025-11-29 17:23:49,982 - INFO - Epoch 2, Main Loss: 0.001324, LB Loss: 65536.016436
2025-11-29 17:27:41,835 - INFO - Epoch 4, Main Loss: 0.001099, LB Loss: 65536.005233
2025-11-29 17:31:30,695 - INFO - Epoch 6, Main Loss: 0.000980, LB Loss: 65536.001364
2025-11-29 17:35:21,025 - INFO - Epoch 8, Main Loss: 0.000929, LB Loss: 65536.000221
2025-11-29 17:40:02,647 - INFO - Seed 41 Results:
2025-11-29 17:40:02,660 - INFO -   RMSE: 1.4893
2025-11-29 17:40:02,660 - INFO -   SNR: 43.72 dB
2025-11-29 17:40:02,660 - INFO -   Correlation: 1.0000
2025-11-29 17:40:02,660 - INFO -   RRMSE: 0.0065
2025-11-29 17:40:02,660 - INFO - 
==================================================
2025-11-29 17:40:02,660 - INFO - Running EEG_EOG_EMG with seed 42
2025-11-29 17:40:02,660 - INFO - ==================================================
2025-11-29 17:40:04,449 - INFO - ICA fitted successfully with 4 components
2025-11-29 17:40:04,553 - INFO - Starting ICA-based self-learning pre-training phase...
2025-11-29 17:43:01,204 - INFO - Pre-training Epoch 0: Expert losses: [0.06486678370801767, 0.18594607963876905, 0.27965585550047317, 0.33420158304133507]
2025-11-29 17:48:48,952 - INFO - Pre-training Epoch 2: Expert losses: [0.003676872841029797, 0.10456097034632035, 0.2041280522661389, 0.3018431947478708]
2025-11-29 17:54:36,692 - INFO - Pre-training Epoch 4: Expert losses: [0.0025369747067397496, 0.10323406313106699, 0.20256617398194546, 0.301256111770306]
2025-11-29 17:54:36,693 - INFO - ICA-based self-learning pre-training completed!
2025-11-29 17:54:36,697 - INFO - Starting main training phase with ICA pre-trained experts...
2025-11-29 17:56:31,191 - INFO - Epoch 0, Main Loss: 0.001656, LB Loss: 65536.776717
2025-11-29 18:00:18,574 - INFO - Epoch 2, Main Loss: 0.001126, LB Loss: 65536.009176
2025-11-29 18:04:11,644 - INFO - Epoch 4, Main Loss: 0.000943, LB Loss: 65536.005417
2025-11-29 18:07:56,415 - INFO - Epoch 6, Main Loss: 0.000847, LB Loss: 65536.001069
2025-11-29 18:11:41,916 - INFO - Epoch 8, Main Loss: 0.000803, LB Loss: 65535.998931
2025-11-29 18:16:24,465 - INFO - Seed 42 Results:
2025-11-29 18:16:24,476 - INFO -   RMSE: 1.9780
2025-11-29 18:16:24,476 - INFO -   SNR: 41.25 dB
2025-11-29 18:16:24,477 - INFO -   Correlation: 1.0000
2025-11-29 18:16:24,477 - INFO -   RRMSE: 0.0087
2025-11-29 18:16:24,477 - INFO - 
==================================================
2025-11-29 18:16:24,477 - INFO - Running EEG_EOG_EMG with seed 43
2025-11-29 18:16:24,477 - INFO - ==================================================
2025-11-29 18:16:25,621 - INFO - ICA fitted successfully with 4 components
2025-11-29 18:16:25,647 - INFO - Starting ICA-based self-learning pre-training phase...
2025-11-29 18:19:18,478 - INFO - Pre-training Epoch 0: Expert losses: [0.0763875866256092, 0.2013551873277943, 0.33549629151821136, 0.3772811358267406]
2025-11-29 18:24:57,342 - INFO - Pre-training Epoch 2: Expert losses: [0.00476767135924607, 0.10424712089435109, 0.20410262835475634, 0.30201996103772577]
2025-11-29 18:30:43,718 - INFO - Pre-training Epoch 4: Expert losses: [0.003282548842143338, 0.10300020016026946, 0.2028281624024769, 0.30154800386923664]
2025-11-29 18:30:43,720 - INFO - ICA-based self-learning pre-training completed!
2025-11-29 18:30:43,723 - INFO - Starting main training phase with ICA pre-trained experts...
2025-11-29 18:32:50,124 - INFO - Epoch 0, Main Loss: 0.002103, LB Loss: 65611.091760
2025-11-29 18:36:40,319 - INFO - Epoch 2, Main Loss: 0.001269, LB Loss: 65536.047244
2025-11-29 18:40:28,605 - INFO - Epoch 4, Main Loss: 0.001054, LB Loss: 65536.015736
2025-11-29 18:44:16,502 - INFO - Epoch 6, Main Loss: 0.000935, LB Loss: 65536.007260
2025-11-29 18:48:04,736 - INFO - Epoch 8, Main Loss: 0.000881, LB Loss: 65536.004017
2025-11-29 18:52:50,666 - INFO - Seed 43 Results:
2025-11-29 18:52:50,684 - INFO -   RMSE: 1.5586
2025-11-29 18:52:50,684 - INFO -   SNR: 43.32 dB
2025-11-29 18:52:50,685 - INFO -   Correlation: 1.0000
2025-11-29 18:52:50,685 - INFO -   RRMSE: 0.0068
2025-11-29 18:52:50,685 - INFO - 
==================================================
2025-11-29 18:52:50,685 - INFO - Running EEG_EOG_EMG with seed 44
2025-11-29 18:52:50,685 - INFO - ==================================================
2025-11-29 18:52:52,209 - INFO - ICA fitted successfully with 4 components
2025-11-29 18:52:52,238 - INFO - Starting ICA-based self-learning pre-training phase...
2025-11-29 18:56:07,740 - INFO - Pre-training Epoch 0: Expert losses: [0.06433910266759824, 0.25604095478665156, 0.29411240906085606, 0.34376013953730744]
2025-11-29 19:01:55,060 - INFO - Pre-training Epoch 2: Expert losses: [0.004392312833037719, 0.10434311670514773, 0.20355708292632732, 0.3023315575325264]
2025-11-29 19:08:13,867 - INFO - Pre-training Epoch 4: Expert losses: [0.0029899233947771617, 0.1031015156856123, 0.20250453870251495, 0.301468625383557]
2025-11-29 19:08:13,871 - INFO - ICA-based self-learning pre-training completed!
2025-11-29 19:08:13,879 - INFO - Starting main training phase with ICA pre-trained experts...
2025-11-29 19:10:11,103 - INFO - Epoch 0, Main Loss: 0.001867, LB Loss: 65537.317033
2025-11-29 19:14:01,916 - INFO - Epoch 2, Main Loss: 0.001271, LB Loss: 65536.011719
2025-11-29 19:18:06,407 - INFO - Epoch 4, Main Loss: 0.001070, LB Loss: 65536.004312
2025-11-29 19:22:05,346 - INFO - Epoch 6, Main Loss: 0.000950, LB Loss: 65536.002358
2025-11-29 19:26:07,588 - INFO - Epoch 8, Main Loss: 0.000901, LB Loss: 65535.999116
2025-11-29 19:31:25,848 - INFO - Seed 44 Results:
2025-11-29 19:31:25,860 - INFO -   RMSE: 1.4850
2025-11-29 19:31:25,860 - INFO -   SNR: 43.74 dB
2025-11-29 19:31:25,860 - INFO -   Correlation: 1.0000
2025-11-29 19:31:25,860 - INFO -   RRMSE: 0.0065
2025-11-29 19:31:25,864 - INFO - 
==================================================
2025-11-29 19:31:25,903 - INFO - AGGREGATED RESULTS for EEG_EOG_EMG
2025-11-29 19:31:25,903 - INFO - ==================================================
2025-11-29 19:31:25,903 - INFO -   rmse: 1.5936 +/- 0.1951
2025-11-29 19:31:25,903 - INFO -   rrmse: 0.0070 +/- 0.0009
2025-11-29 19:31:25,903 - INFO -   correlation: 1.0000 +/- 0.0000
2025-11-29 19:31:25,903 - INFO -   snr: 43.1903 +/- 0.9868
2025-11-29 19:31:25,903 - INFO -   spectral_distortion: 0.0054 +/- 0.0010
2025-11-29 19:31:25,903 - INFO -   snr_improvement: 6.1800 +/- 0.9868
2025-11-29 19:31:25,903 - INFO -   snr_input: 37.0103 +/- 0.0000
2025-11-29 19:31:26,777 - INFO - 
Running EEGDnoiseNet baseline...
2025-11-29 19:34:34,881 - INFO - Epoch 0, Loss: 0.034979
2025-11-29 20:06:01,744 - INFO - Epoch 10, Loss: 0.004378
2025-11-29 20:37:04,805 - INFO - Epoch 20, Loss: 0.003756
2025-11-29 21:06:51,183 - INFO -   EEGDnoiseNet seed 40: RMSE=4.5461, SNR=34.03dB
2025-11-29 21:09:57,975 - INFO - Epoch 0, Loss: 0.029793
2025-11-29 21:41:51,590 - INFO - Epoch 10, Loss: 0.004204
2025-11-29 22:14:48,337 - INFO - Epoch 20, Loss: 0.003720
2025-11-29 22:45:16,020 - INFO -   EEGDnoiseNet seed 41: RMSE=4.6272, SNR=33.87dB
2025-11-29 22:45:16,025 - INFO - 
Running EEGDnet baseline...
2025-11-29 22:45:16,778 - ERROR -   EEGDnet seed 40 failed: The size of tensor a (256) must match the size of tensor b (128) at non-singleton dimension 1
2025-11-29 22:45:17,310 - ERROR -   EEGDnet seed 41 failed: The size of tensor a (256) must match the size of tensor b (128) at non-singleton dimension 1
2025-11-29 22:45:17,311 - INFO - 
Running RNN_EEG baseline...
2025-11-29 22:46:57,651 - INFO - Epoch 0, Loss: 0.606860
2025-11-29 23:03:05,194 - INFO - Epoch 10, Loss: 0.016198
2025-11-29 23:19:06,288 - INFO - Epoch 20, Loss: 0.009956
2025-11-29 23:34:06,938 - INFO -   RNN_EEG seed 40: RMSE=10.7068, SNR=26.59dB
2025-11-29 23:35:42,962 - INFO - Epoch 0, Loss: 0.586965
2025-11-29 23:52:19,928 - INFO - Epoch 10, Loss: 0.016671
2025-11-30 00:08:18,548 - INFO - Epoch 20, Loss: 0.010647
2025-11-30 00:23:21,096 - INFO -   RNN_EEG seed 41: RMSE=11.1314, SNR=26.25dB
2025-11-30 00:23:21,101 - INFO - 
Running ResNet_EEG baseline...
2025-11-30 00:24:56,302 - INFO - Epoch 0, Loss: 0.033619
2025-11-30 00:40:54,775 - INFO - Epoch 10, Loss: 0.004921
2025-11-30 00:56:44,354 - INFO - Epoch 20, Loss: 0.003560
2025-11-30 01:12:16,490 - INFO -   ResNet_EEG seed 40: RMSE=4.1631, SNR=34.79dB
2025-11-30 01:13:51,111 - INFO - Epoch 0, Loss: 0.029087
2025-11-30 01:30:06,454 - INFO - Epoch 10, Loss: 0.004751
2025-11-30 01:45:56,398 - INFO - Epoch 20, Loss: 0.003461
2025-11-30 02:01:24,828 - INFO -   ResNet_EEG seed 41: RMSE=4.5744, SNR=33.97dB
2025-11-30 02:01:24,831 - INFO - 
Running SimpleCNN baseline...
2025-11-30 02:02:05,472 - INFO - Epoch 0, Loss: 0.059187
2025-11-30 02:08:54,376 - INFO - Epoch 10, Loss: 0.000267
2025-11-30 02:15:43,783 - INFO - Epoch 20, Loss: 0.000217
2025-11-30 02:22:22,332 - INFO -   SimpleCNN seed 40: RMSE=3.3214, SNR=36.75dB
2025-11-30 02:23:02,989 - INFO - Epoch 0, Loss: 0.061898
2025-11-30 02:29:48,271 - INFO - Epoch 10, Loss: 0.000249
2025-11-30 02:36:35,990 - INFO - Epoch 20, Loss: 0.000217
2025-11-30 02:43:16,532 - INFO -   SimpleCNN seed 41: RMSE=3.3160, SNR=36.77dB
2025-11-30 02:43:16,536 - INFO - 
Running Wiener baseline...
2025-11-30 02:43:16,589 - WARNING - Wiener filter failed for sample 512: index 512 is out of bounds for axis 0 with size 512
2025-11-30 02:43:16,589 - ERROR -   Wiener failed: index 512 is out of bounds for axis 0 with size 512
2025-11-30 02:43:16,589 - INFO - 
Running LMS baseline...
2025-11-30 02:43:35,196 - INFO -   LMS: RMSE=95.1829, SNR=7.61dB
2025-11-30 02:43:35,197 - INFO - 
Running RLS baseline...
2025-11-30 02:44:13,696 - INFO -   RLS: RMSE=87.5370, SNR=8.34dB
2025-11-30 02:44:13,697 - INFO - 
Running Kalman baseline...
2025-11-30 02:44:43,585 - INFO -   Kalman: RMSE=96.3353, SNR=7.50dB
2025-11-30 02:44:43,602 - INFO - LaTeX table saved to results/tables/comparison_table.tex
2025-11-30 02:44:43,603 - INFO - 
============================================================
2025-11-30 02:44:43,603 - INFO - FINAL SUMMARY
2025-11-30 02:44:43,603 - INFO - ============================================================
2025-11-30 02:44:43,603 - INFO - 
EEG_EOG:
2025-11-30 02:44:43,603 - INFO -   RMSE: 1.4508 +/- 0.0836
2025-11-30 02:44:43,603 - INFO -   SNR:  43.96 +/- 0.48 dB
2025-11-30 02:44:43,603 - INFO -   Corr: 1.0000 +/- 0.0000
2025-11-30 02:44:43,603 - INFO - 
EEG_EMG:
2025-11-30 02:44:43,603 - INFO -   RMSE: 1.6122 +/- 0.2230
2025-11-30 02:44:43,604 - INFO -   SNR:  43.11 +/- 1.11 dB
2025-11-30 02:44:43,604 - INFO -   Corr: 1.0000 +/- 0.0000
2025-11-30 02:44:43,604 - INFO - 
EEG_EOG_EMG:
2025-11-30 02:44:43,604 - INFO -   RMSE: 1.5936 +/- 0.1951
2025-11-30 02:44:43,604 - INFO -   SNR:  43.19 +/- 0.99 dB
2025-11-30 02:44:43,604 - INFO -   Corr: 1.0000 +/- 0.0000
2025-11-30 02:44:43,604 - INFO - 
============================================================
2025-11-30 02:44:43,604 - INFO - Experiments completed!
2025-11-30 02:44:43,604 - INFO - Results saved to: results
2025-11-30 02:44:43,604 - INFO - ============================================================
